<?xml version="1.0" encoding="UTF-8"?>
<testsuites>
  <testsuite name="TestCategoriaModelUnit" file="C:\xampp\htdocs\project\tests\Categorias\TestCategoriaModelUnit.php" tests="38" assertions="97" errors="0" failures="0" skipped="0" time="2.694999">
    <testcase name="testSelectAllCategoriasRetornaDatosEnExito" file="C:\xampp\htdocs\project\tests\Categorias\TestCategoriaModelUnit.php" line="36" class="TestCategoriaModelUnit" classname="TestCategoriaModelUnit" assertions="6" time="1.735182"/>
    <testcase name="testSelectAllCategoriasRetornaArrayVacioCuandoNoHayDatos" file="C:\xampp\htdocs\project\tests\Categorias\TestCategoriaModelUnit.php" line="62" class="TestCategoriaModelUnit" classname="TestCategoriaModelUnit" assertions="4" time="0.042638"/>
    <testcase name="testSelectAllCategoriasRetornaArrayVacioEnExcepcion" file="C:\xampp\htdocs\project\tests\Categorias\TestCategoriaModelUnit.php" line="80" class="TestCategoriaModelUnit" classname="TestCategoriaModelUnit" assertions="3" time="0.020188"/>
    <testsuite name="TestCategoriaModelUnit::testInsertCategoriaConDatosValidos" tests="6" assertions="18" errors="0" failures="0" skipped="0" time="0.083932">
      <testcase name="testInsertCategoriaConDatosValidos with data set &quot;estatus_minusculas&quot;" file="C:\xampp\htdocs\project\tests\Categorias\TestCategoriaModelUnit.php" line="94" class="TestCategoriaModelUnit" classname="TestCategoriaModelUnit" assertions="3" time="0.081797"/>
      <testcase name="testInsertCategoriaConDatosValidos with data set &quot;estatus_mayusculas&quot;" file="C:\xampp\htdocs\project\tests\Categorias\TestCategoriaModelUnit.php" line="94" class="TestCategoriaModelUnit" classname="TestCategoriaModelUnit" assertions="3" time="0.000538"/>
      <testcase name="testInsertCategoriaConDatosValidos with data set &quot;estatus_mixto&quot;" file="C:\xampp\htdocs\project\tests\Categorias\TestCategoriaModelUnit.php" line="94" class="TestCategoriaModelUnit" classname="TestCategoriaModelUnit" assertions="3" time="0.000446"/>
      <testcase name="testInsertCategoriaConDatosValidos with data set &quot;estatus_inactivo&quot;" file="C:\xampp\htdocs\project\tests\Categorias\TestCategoriaModelUnit.php" line="94" class="TestCategoriaModelUnit" classname="TestCategoriaModelUnit" assertions="3" time="0.000391"/>
      <testcase name="testInsertCategoriaConDatosValidos with data set &quot;descripcion_larga&quot;" file="C:\xampp\htdocs\project\tests\Categorias\TestCategoriaModelUnit.php" line="94" class="TestCategoriaModelUnit" classname="TestCategoriaModelUnit" assertions="3" time="0.000387"/>
      <testcase name="testInsertCategoriaConDatosValidos with data set &quot;caracteres_especiales&quot;" file="C:\xampp\htdocs\project\tests\Categorias\TestCategoriaModelUnit.php" line="94" class="TestCategoriaModelUnit" classname="TestCategoriaModelUnit" assertions="3" time="0.000373"/>
    </testsuite>
    <testcase name="testInsertCategoriaRetornaFalseCuandoExecuteFalla" file="C:\xampp\htdocs\project\tests\Categorias\TestCategoriaModelUnit.php" line="147" class="TestCategoriaModelUnit" classname="TestCategoriaModelUnit" assertions="3" time="0.031100"/>
    <testcase name="testInsertCategoriaPropagaExcepcionPDO" file="C:\xampp\htdocs\project\tests\Categorias\TestCategoriaModelUnit.php" line="164" class="TestCategoriaModelUnit" classname="TestCategoriaModelUnit" assertions="3" time="0.111869"/>
    <testsuite name="TestCategoriaModelUnit::testInsertCategoriaConDatosIncompletos" tests="4" assertions="4" errors="0" failures="0" skipped="0" time="0.599483">
      <testcase name="testInsertCategoriaConDatosIncompletos with data set &quot;sin_clave_nombre&quot;" file="C:\xampp\htdocs\project\tests\Categorias\TestCategoriaModelUnit.php" line="179" class="TestCategoriaModelUnit" classname="TestCategoriaModelUnit" assertions="1" time="0.597822"/>
      <testcase name="testInsertCategoriaConDatosIncompletos with data set &quot;sin_clave_descripcion&quot;" file="C:\xampp\htdocs\project\tests\Categorias\TestCategoriaModelUnit.php" line="179" class="TestCategoriaModelUnit" classname="TestCategoriaModelUnit" assertions="1" time="0.000775"/>
      <testcase name="testInsertCategoriaConDatosIncompletos with data set &quot;sin_clave_estatus&quot;" file="C:\xampp\htdocs\project\tests\Categorias\TestCategoriaModelUnit.php" line="179" class="TestCategoriaModelUnit" classname="TestCategoriaModelUnit" assertions="1" time="0.000448"/>
      <testcase name="testInsertCategoriaConDatosIncompletos with data set &quot;array_completamente_vacio&quot;" file="C:\xampp\htdocs\project\tests\Categorias\TestCategoriaModelUnit.php" line="179" class="TestCategoriaModelUnit" classname="TestCategoriaModelUnit" assertions="1" time="0.000439"/>
    </testsuite>
    <testsuite name="TestCategoriaModelUnit::testDeleteCategoriaConDiferentesResultados" tests="3" assertions="9" errors="0" failures="0" skipped="0" time="0.001263">
      <testcase name="testDeleteCategoriaConDiferentesResultados with data set &quot;delete_exitoso&quot;" file="C:\xampp\htdocs\project\tests\Categorias\TestCategoriaModelUnit.php" line="203" class="TestCategoriaModelUnit" classname="TestCategoriaModelUnit" assertions="3" time="0.000466"/>
      <testcase name="testDeleteCategoriaConDiferentesResultados with data set &quot;delete_id_inexistente_execute_true&quot;" file="C:\xampp\htdocs\project\tests\Categorias\TestCategoriaModelUnit.php" line="203" class="TestCategoriaModelUnit" classname="TestCategoriaModelUnit" assertions="3" time="0.000402"/>
      <testcase name="testDeleteCategoriaConDiferentesResultados with data set &quot;delete_execute_falla&quot;" file="C:\xampp\htdocs\project\tests\Categorias\TestCategoriaModelUnit.php" line="203" class="TestCategoriaModelUnit" classname="TestCategoriaModelUnit" assertions="3" time="0.000395"/>
    </testsuite>
    <testcase name="testDeleteCategoriaRetornaFalseEnExcepcion" file="C:\xampp\htdocs\project\tests\Categorias\TestCategoriaModelUnit.php" line="232" class="TestCategoriaModelUnit" classname="TestCategoriaModelUnit" assertions="2" time="0.000648"/>
    <testsuite name="TestCategoriaModelUnit::testUpdateCategoriaConDiferentesEscenarios" tests="4" assertions="12" errors="0" failures="0" skipped="0" time="0.001767">
      <testcase name="testUpdateCategoriaConDiferentesEscenarios with data set &quot;update_exitoso_datos_completos&quot;" file="C:\xampp\htdocs\project\tests\Categorias\TestCategoriaModelUnit.php" line="245" class="TestCategoriaModelUnit" classname="TestCategoriaModelUnit" assertions="3" time="0.000528"/>
      <testcase name="testUpdateCategoriaConDiferentesEscenarios with data set &quot;update_sin_cambios_reales&quot;" file="C:\xampp\htdocs\project\tests\Categorias\TestCategoriaModelUnit.php" line="245" class="TestCategoriaModelUnit" classname="TestCategoriaModelUnit" assertions="3" time="0.000425"/>
      <testcase name="testUpdateCategoriaConDiferentesEscenarios with data set &quot;update_execute_falla&quot;" file="C:\xampp\htdocs\project\tests\Categorias\TestCategoriaModelUnit.php" line="245" class="TestCategoriaModelUnit" classname="TestCategoriaModelUnit" assertions="3" time="0.000418"/>
      <testcase name="testUpdateCategoriaConDiferentesEscenarios with data set &quot;update_cambio_estatus_inactivo&quot;" file="C:\xampp\htdocs\project\tests\Categorias\TestCategoriaModelUnit.php" line="245" class="TestCategoriaModelUnit" classname="TestCategoriaModelUnit" assertions="3" time="0.000396"/>
    </testsuite>
    <testcase name="testUpdateCategoriaRetornaFalseEnExcepcion" file="C:\xampp\htdocs\project\tests\Categorias\TestCategoriaModelUnit.php" line="287" class="TestCategoriaModelUnit" classname="TestCategoriaModelUnit" assertions="2" time="0.000552"/>
    <testsuite name="TestCategoriaModelUnit::testUpdateCategoriaConDatosIncompletos" tests="3" assertions="3" errors="0" failures="0" skipped="0" time="0.000999">
      <testcase name="testUpdateCategoriaConDatosIncompletos with data set &quot;sin_idcategoria&quot;" file="C:\xampp\htdocs\project\tests\Categorias\TestCategoriaModelUnit.php" line="301" class="TestCategoriaModelUnit" classname="TestCategoriaModelUnit" assertions="1" time="0.000336"/>
      <testcase name="testUpdateCategoriaConDatosIncompletos with data set &quot;sin_nombre&quot;" file="C:\xampp\htdocs\project\tests\Categorias\TestCategoriaModelUnit.php" line="301" class="TestCategoriaModelUnit" classname="TestCategoriaModelUnit" assertions="1" time="0.000320"/>
      <testcase name="testUpdateCategoriaConDatosIncompletos with data set &quot;array_vacio&quot;" file="C:\xampp\htdocs\project\tests\Categorias\TestCategoriaModelUnit.php" line="301" class="TestCategoriaModelUnit" classname="TestCategoriaModelUnit" assertions="1" time="0.000343"/>
    </testsuite>
    <testcase name="testGetCategoriaByIdRetornaDatosYSeteaPropiedades" file="C:\xampp\htdocs\project\tests\Categorias\TestCategoriaModelUnit.php" line="321" class="TestCategoriaModelUnit" classname="TestCategoriaModelUnit" assertions="9" time="0.000451"/>
    <testcase name="testGetCategoriaByIdRetornaFalseCuandoNoExiste" file="C:\xampp\htdocs\project\tests\Categorias\TestCategoriaModelUnit.php" line="357" class="TestCategoriaModelUnit" classname="TestCategoriaModelUnit" assertions="3" time="0.031295"/>
    <testcase name="testGetCategoriaByIdRetornaNullEnExcepcion" file="C:\xampp\htdocs\project\tests\Categorias\TestCategoriaModelUnit.php" line="376" class="TestCategoriaModelUnit" classname="TestCategoriaModelUnit" assertions="2" time="0.030904"/>
    <testsuite name="TestCategoriaModelUnit::testGetCategoriaByIdConIdsLimite" tests="3" assertions="3" errors="0" failures="0" skipped="0" time="0.001280">
      <testcase name="testGetCategoriaByIdConIdsLimite with data set &quot;id_1_encontrado&quot;" file="C:\xampp\htdocs\project\tests\Categorias\TestCategoriaModelUnit.php" line="389" class="TestCategoriaModelUnit" classname="TestCategoriaModelUnit" assertions="1" time="0.000518"/>
      <testcase name="testGetCategoriaByIdConIdsLimite with data set &quot;id_maximo_no_encontrado&quot;" file="C:\xampp\htdocs\project\tests\Categorias\TestCategoriaModelUnit.php" line="389" class="TestCategoriaModelUnit" classname="TestCategoriaModelUnit" assertions="1" time="0.000364"/>
      <testcase name="testGetCategoriaByIdConIdsLimite with data set &quot;id_grande_no_encontrado&quot;" file="C:\xampp\htdocs\project\tests\Categorias\TestCategoriaModelUnit.php" line="389" class="TestCategoriaModelUnit" classname="TestCategoriaModelUnit" assertions="1" time="0.000398"/>
    </testsuite>
    <testcase name="testReactivarCategoriaExitoso" file="C:\xampp\htdocs\project\tests\Categorias\TestCategoriaModelUnit.php" line="420" class="TestCategoriaModelUnit" classname="TestCategoriaModelUnit" assertions="3" time="0.000319"/>
    <testcase name="testReactivarCategoriaExecuteRetornaFalse" file="C:\xampp\htdocs\project\tests\Categorias\TestCategoriaModelUnit.php" line="437" class="TestCategoriaModelUnit" classname="TestCategoriaModelUnit" assertions="3" time="0.000281"/>
    <testcase name="testReactivarCategoriaPropagaExcepcion" file="C:\xampp\htdocs\project\tests\Categorias\TestCategoriaModelUnit.php" line="452" class="TestCategoriaModelUnit" classname="TestCategoriaModelUnit" assertions="3" time="0.000267"/>
    <testcase name="testInsertCategoriaVerificaParametrosSQLCorrectos" file="C:\xampp\htdocs\project\tests\Categorias\TestCategoriaModelUnit.php" line="464" class="TestCategoriaModelUnit" classname="TestCategoriaModelUnit" assertions="1" time="0.000297"/>
    <testcase name="testDeleteCategoriaVerificaEsSoftDelete" file="C:\xampp\htdocs\project\tests\Categorias\TestCategoriaModelUnit.php" line="483" class="TestCategoriaModelUnit" classname="TestCategoriaModelUnit" assertions="1" time="0.000283"/>
  </testsuite>
</testsuites>
