<?xml version="1.0" encoding="UTF-8"?>
<testsuites>
  <testsuite name="CLI Arguments" tests="29" assertions="105" errors="0" failures="0" skipped="0" time="15.297805">
    <testsuite name="Tests\UnitTest\Productos\actualizarProductoUnitTest" file="C:\xampp\htdocs\project\tests\unitTest\Productos\actualizarProductoUnitTest.php" tests="6" assertions="23" errors="0" failures="0" skipped="0" time="4.314838">
      <testsuite name="Tests\UnitTest\Productos\actualizarProductoUnitTest::testUpdateProducto_Exitoso_RetornaStatusTrue" tests="2" assertions="10" errors="0" failures="0" skipped="0" time="4.203366">
        <testcase name="testUpdateProducto_Exitoso_RetornaStatusTrue with data set &quot;cambio_nombre_y_precio&quot;" file="C:\xampp\htdocs\project\tests\unitTest\Productos\actualizarProductoUnitTest.php" line="95" class="Tests\UnitTest\Productos\actualizarProductoUnitTest" classname="Tests.UnitTest.Productos.actualizarProductoUnitTest" assertions="5" time="2.113855"/>
        <testcase name="testUpdateProducto_Exitoso_RetornaStatusTrue with data set &quot;cambio_moneda&quot;" file="C:\xampp\htdocs\project\tests\unitTest\Productos\actualizarProductoUnitTest.php" line="95" class="Tests\UnitTest\Productos\actualizarProductoUnitTest" classname="Tests.UnitTest.Productos.actualizarProductoUnitTest" assertions="5" time="2.089511"/>
      </testsuite>
      <testsuite name="Tests\UnitTest\Productos\actualizarProductoUnitTest::testUpdateProducto_NombreConflicto_RetornaStatusFalse" tests="1" assertions="4" errors="0" failures="0" skipped="0" time="0.026583">
        <testcase name="testUpdateProducto_NombreConflicto_RetornaStatusFalse with data set &quot;nombre_ya_usado&quot;" file="C:\xampp\htdocs\project\tests\unitTest\Productos\actualizarProductoUnitTest.php" line="117" class="Tests\UnitTest\Productos\actualizarProductoUnitTest" classname="Tests.UnitTest.Productos.actualizarProductoUnitTest" assertions="4" time="0.026583"/>
      </testsuite>
      <testsuite name="Tests\UnitTest\Productos\actualizarProductoUnitTest::testUpdateProducto_IdInexistente_RetornaStatusFalse" tests="1" assertions="3" errors="0" failures="0" skipped="0" time="0.026559">
        <testcase name="testUpdateProducto_IdInexistente_RetornaStatusFalse with data set &quot;id_grande&quot;" file="C:\xampp\htdocs\project\tests\unitTest\Productos\actualizarProductoUnitTest.php" line="134" class="Tests\UnitTest\Productos\actualizarProductoUnitTest" classname="Tests.UnitTest.Productos.actualizarProductoUnitTest" assertions="3" time="0.026559"/>
      </testsuite>
      <testcase name="testUpdateProducto_ExcepcionEnBD_RetornaStatusFalse" file="C:\xampp\htdocs\project\tests\unitTest\Productos\actualizarProductoUnitTest.php" line="153" class="Tests\UnitTest\Productos\actualizarProductoUnitTest" classname="Tests.UnitTest.Productos.actualizarProductoUnitTest" assertions="3" time="0.029411"/>
      <testcase name="testUpdateProducto_NombreVacio_VerificacionPasaInsertFalla" file="C:\xampp\htdocs\project\tests\unitTest\Productos\actualizarProductoUnitTest.php" line="176" class="Tests\UnitTest\Productos\actualizarProductoUnitTest" classname="Tests.UnitTest.Productos.actualizarProductoUnitTest" assertions="3" time="0.028919"/>
    </testsuite>
    <testsuite name="Tests\UnitTest\Productos\consultarProductoUnitTest" file="C:\xampp\htdocs\project\tests\unitTest\Productos\consultarProductoUnitTest.php" tests="12" assertions="49" errors="0" failures="0" skipped="0" time="0.357841">
      <testcase name="testSelectAllProductos_ConDatos_RetornaEstructuraCorrecta" file="C:\xampp\htdocs\project\tests\unitTest\Productos\consultarProductoUnitTest.php" line="99" class="Tests\UnitTest\Productos\consultarProductoUnitTest" classname="Tests.UnitTest.Productos.consultarProductoUnitTest" assertions="6" time="0.031963"/>
      <testcase name="testSelectAllProductos_SinDatos_RetornaArrayVacio" file="C:\xampp\htdocs\project\tests\unitTest\Productos\consultarProductoUnitTest.php" line="121" class="Tests\UnitTest\Productos\consultarProductoUnitTest" classname="Tests.UnitTest.Productos.consultarProductoUnitTest" assertions="4" time="0.028358"/>
      <testcase name="testSelectAllProductos_ExcepcionEnBD_RetornaStatusFalse" file="C:\xampp\htdocs\project\tests\unitTest\Productos\consultarProductoUnitTest.php" line="136" class="Tests\UnitTest\Productos\consultarProductoUnitTest" classname="Tests.UnitTest.Productos.consultarProductoUnitTest" assertions="5" time="0.028022"/>
      <testsuite name="Tests\UnitTest\Productos\consultarProductoUnitTest::testSelectProductoById_Existente_RetornaProducto" tests="2" assertions="12" errors="0" failures="0" skipped="0" time="0.054026">
        <testcase name="testSelectProductoById_Existente_RetornaProducto with data set &quot;producto_usd&quot;" file="C:\xampp\htdocs\project\tests\unitTest\Productos\consultarProductoUnitTest.php" line="156" class="Tests\UnitTest\Productos\consultarProductoUnitTest" classname="Tests.UnitTest.Productos.consultarProductoUnitTest" assertions="6" time="0.027164"/>
        <testcase name="testSelectProductoById_Existente_RetornaProducto with data set &quot;producto_bs&quot;" file="C:\xampp\htdocs\project\tests\unitTest\Productos\consultarProductoUnitTest.php" line="156" class="Tests\UnitTest\Productos\consultarProductoUnitTest" classname="Tests.UnitTest.Productos.consultarProductoUnitTest" assertions="6" time="0.026861"/>
      </testsuite>
      <testsuite name="Tests\UnitTest\Productos\consultarProductoUnitTest::testSelectProductoById_Inexistente_RetornaFalse" tests="3" assertions="3" errors="0" failures="0" skipped="0" time="0.079739">
        <testcase name="testSelectProductoById_Inexistente_RetornaFalse with data set &quot;id_grande&quot;" file="C:\xampp\htdocs\project\tests\unitTest\Productos\consultarProductoUnitTest.php" line="174" class="Tests\UnitTest\Productos\consultarProductoUnitTest" classname="Tests.UnitTest.Productos.consultarProductoUnitTest" assertions="1" time="0.025813"/>
        <testcase name="testSelectProductoById_Inexistente_RetornaFalse with data set &quot;id_cero&quot;" file="C:\xampp\htdocs\project\tests\unitTest\Productos\consultarProductoUnitTest.php" line="174" class="Tests\UnitTest\Productos\consultarProductoUnitTest" classname="Tests.UnitTest.Productos.consultarProductoUnitTest" assertions="1" time="0.027170"/>
        <testcase name="testSelectProductoById_Inexistente_RetornaFalse with data set &quot;id_muy_grande&quot;" file="C:\xampp\htdocs\project\tests\unitTest\Productos\consultarProductoUnitTest.php" line="174" class="Tests\UnitTest\Productos\consultarProductoUnitTest" classname="Tests.UnitTest.Productos.consultarProductoUnitTest" assertions="1" time="0.026756"/>
      </testsuite>
      <testcase name="testSelectProductosActivos_RetornaSoloActivos" file="C:\xampp\htdocs\project\tests\unitTest\Productos\consultarProductoUnitTest.php" line="190" class="Tests\UnitTest\Productos\consultarProductoUnitTest" classname="Tests.UnitTest.Productos.consultarProductoUnitTest" assertions="5" time="0.029440"/>
      <testcase name="testSelectProductosActivos_ExcepcionEnBD_RetornaStatusFalse" file="C:\xampp\htdocs\project\tests\unitTest\Productos\consultarProductoUnitTest.php" line="213" class="Tests\UnitTest\Productos\consultarProductoUnitTest" classname="Tests.UnitTest.Productos.consultarProductoUnitTest" assertions="3" time="0.048259"/>
      <testcase name="testSelectCategoriasActivas_RetornaEstructuraCorrecta" file="C:\xampp\htdocs\project\tests\unitTest\Productos\consultarProductoUnitTest.php" line="230" class="Tests\UnitTest\Productos\consultarProductoUnitTest" classname="Tests.UnitTest.Productos.consultarProductoUnitTest" assertions="7" time="0.027899"/>
      <testcase name="testSelectCategoriasActivas_ExcepcionEnBD_RetornaStatusFalse" file="C:\xampp\htdocs\project\tests\unitTest\Productos\consultarProductoUnitTest.php" line="255" class="Tests\UnitTest\Productos\consultarProductoUnitTest" classname="Tests.UnitTest.Productos.consultarProductoUnitTest" assertions="4" time="0.030136"/>
    </testsuite>
    <testsuite name="Tests\UnitTest\Productos\eliminarProductoUnitTest" file="C:\xampp\htdocs\project\tests\unitTest\Productos\eliminarProductoUnitTest.php" tests="6" assertions="8" errors="0" failures="0" skipped="0" time="6.336881">
      <testsuite name="Tests\UnitTest\Productos\eliminarProductoUnitTest::testDeleteProducto_Existente_RetornaTrue" tests="2" assertions="2" errors="0" failures="0" skipped="0" time="4.177137">
        <testcase name="testDeleteProducto_Existente_RetornaTrue with data set &quot;id_1&quot;" file="C:\xampp\htdocs\project\tests\unitTest\Productos\eliminarProductoUnitTest.php" line="76" class="Tests\UnitTest\Productos\eliminarProductoUnitTest" classname="Tests.UnitTest.Productos.eliminarProductoUnitTest" assertions="1" time="2.084541"/>
        <testcase name="testDeleteProducto_Existente_RetornaTrue with data set &quot;id_50&quot;" file="C:\xampp\htdocs\project\tests\unitTest\Productos\eliminarProductoUnitTest.php" line="76" class="Tests\UnitTest\Productos\eliminarProductoUnitTest" classname="Tests.UnitTest.Productos.eliminarProductoUnitTest" assertions="1" time="2.092596"/>
      </testsuite>
      <testsuite name="Tests\UnitTest\Productos\eliminarProductoUnitTest::testDeleteProducto_Inexistente_RetornaFalse" tests="2" assertions="2" errors="0" failures="0" skipped="0" time="0.055571">
        <testcase name="testDeleteProducto_Inexistente_RetornaFalse with data set &quot;id_muy_grande&quot;" file="C:\xampp\htdocs\project\tests\unitTest\Productos\eliminarProductoUnitTest.php" line="94" class="Tests\UnitTest\Productos\eliminarProductoUnitTest" classname="Tests.UnitTest.Productos.eliminarProductoUnitTest" assertions="1" time="0.029394"/>
        <testcase name="testDeleteProducto_Inexistente_RetornaFalse with data set &quot;id_inexistente&quot;" file="C:\xampp\htdocs\project\tests\unitTest\Productos\eliminarProductoUnitTest.php" line="94" class="Tests\UnitTest\Productos\eliminarProductoUnitTest" classname="Tests.UnitTest.Productos.eliminarProductoUnitTest" assertions="1" time="0.026177"/>
      </testsuite>
      <testcase name="testDeleteProducto_ExcepcionEnBD_RetornaFalse" file="C:\xampp\htdocs\project\tests\unitTest\Productos\eliminarProductoUnitTest.php" line="111" class="Tests\UnitTest\Productos\eliminarProductoUnitTest" classname="Tests.UnitTest.Productos.eliminarProductoUnitTest" assertions="1" time="0.029412"/>
      <testcase name="testDeleteProducto_SoftDelete_NoEliminaFisicamente" file="C:\xampp\htdocs\project\tests\unitTest\Productos\eliminarProductoUnitTest.php" line="122" class="Tests\UnitTest\Productos\eliminarProductoUnitTest" classname="Tests.UnitTest.Productos.eliminarProductoUnitTest" assertions="3" time="2.074761"/>
    </testsuite>
    <testsuite name="Tests\UnitTest\Productos\insertarProductoUnitTest" file="C:\xampp\htdocs\project\tests\unitTest\Productos\insertarProductoUnitTest.php" tests="5" assertions="25" errors="0" failures="0" skipped="0" time="4.288245">
      <testsuite name="Tests\UnitTest\Productos\insertarProductoUnitTest::testInsertProducto_Exitoso_RetornaStatusTrueConId" tests="2" assertions="14" errors="0" failures="0" skipped="0" time="4.186540">
        <testcase name="testInsertProducto_Exitoso_RetornaStatusTrueConId with data set &quot;producto_kg&quot;" file="C:\xampp\htdocs\project\tests\unitTest\Productos\insertarProductoUnitTest.php" line="98" class="Tests\UnitTest\Productos\insertarProductoUnitTest" classname="Tests.UnitTest.Productos.insertarProductoUnitTest" assertions="7" time="2.101601"/>
        <testcase name="testInsertProducto_Exitoso_RetornaStatusTrueConId with data set &quot;producto_lt&quot;" file="C:\xampp\htdocs\project\tests\unitTest\Productos\insertarProductoUnitTest.php" line="98" class="Tests\UnitTest\Productos\insertarProductoUnitTest" classname="Tests.UnitTest.Productos.insertarProductoUnitTest" assertions="7" time="2.084938"/>
      </testsuite>
      <testsuite name="Tests\UnitTest\Productos\insertarProductoUnitTest::testInsertProducto_NombreDuplicado_RetornaStatusFalse" tests="1" assertions="5" errors="0" failures="0" skipped="0" time="0.027028">
        <testcase name="testInsertProducto_NombreDuplicado_RetornaStatusFalse with data set &quot;nombre_repetido&quot;" file="C:\xampp\htdocs\project\tests\unitTest\Productos\insertarProductoUnitTest.php" line="121" class="Tests\UnitTest\Productos\insertarProductoUnitTest" classname="Tests.UnitTest.Productos.insertarProductoUnitTest" assertions="5" time="0.027028"/>
      </testsuite>
      <testcase name="testInsertProducto_LastInsertIdCero_RetornaError" file="C:\xampp\htdocs\project\tests\unitTest\Productos\insertarProductoUnitTest.php" line="138" class="Tests\UnitTest\Productos\insertarProductoUnitTest" classname="Tests.UnitTest.Productos.insertarProductoUnitTest" assertions="3" time="0.031274"/>
      <testcase name="testInsertProducto_ExcepcionEnBD_RetornaStatusFalse" file="C:\xampp\htdocs\project\tests\unitTest\Productos\insertarProductoUnitTest.php" line="165" class="Tests\UnitTest\Productos\insertarProductoUnitTest" classname="Tests.UnitTest.Productos.insertarProductoUnitTest" assertions="3" time="0.043403"/>
    </testsuite>
  </testsuite>
</testsuites>
