<?xml version="1.0" encoding="UTF-8"?>
<testsuites>
  <testsuite name="ProduccionFlowIntegrationTest" file="C:\xampp\htdocs\project\tests\Integration\ProduccionFlowIntegrationTest.php" tests="1" assertions="16" errors="0" failures="0" skipped="0" time="102.127668">
    <testcase name="testFlujoCompletoProduccionLote" file="C:\xampp\htdocs\project\tests\Integration\ProduccionFlowIntegrationTest.php" line="28" class="ProduccionFlowIntegrationTest" classname="ProduccionFlowIntegrationTest" assertions="16" time="102.127668"/>
  </testsuite>
</testsuites>
