<?xml version="1.0" encoding="UTF-8"?>
<testsuites>
  <testsuite name="CLI Arguments" tests="29" assertions="105" errors="0" failures="0" skipped="0" time="15.365455">
    <testsuite name="Tests\UnitTest\Productos\actualizarProductoUnitTest" file="C:\xampp\htdocs\project\tests\unitTest\Productos\actualizarProductoUnitTest.php" tests="6" assertions="23" errors="0" failures="0" skipped="0" time="4.352246">
      <testsuite name="Tests\UnitTest\Productos\actualizarProductoUnitTest::testUpdateProducto_Exitoso_RetornaStatusTrue" tests="2" assertions="10" errors="0" failures="0" skipped="0" time="4.247096">
        <testcase name="testUpdateProducto_Exitoso_RetornaStatusTrue with data set &quot;cambio_nombre_y_precio&quot;" file="C:\xampp\htdocs\project\tests\unitTest\Productos\actualizarProductoUnitTest.php" line="97" class="Tests\UnitTest\Productos\actualizarProductoUnitTest" classname="Tests.UnitTest.Productos.actualizarProductoUnitTest" assertions="5" time="2.135655"/>
        <testcase name="testUpdateProducto_Exitoso_RetornaStatusTrue with data set &quot;cambio_moneda&quot;" file="C:\xampp\htdocs\project\tests\unitTest\Productos\actualizarProductoUnitTest.php" line="97" class="Tests\UnitTest\Productos\actualizarProductoUnitTest" classname="Tests.UnitTest.Productos.actualizarProductoUnitTest" assertions="5" time="2.111441"/>
      </testsuite>
      <testsuite name="Tests\UnitTest\Productos\actualizarProductoUnitTest::testUpdateProducto_NombreConflicto_RetornaStatusFalse" tests="1" assertions="4" errors="0" failures="0" skipped="0" time="0.025743">
        <testcase name="testUpdateProducto_NombreConflicto_RetornaStatusFalse with data set &quot;nombre_ya_usado&quot;" file="C:\xampp\htdocs\project\tests\unitTest\Productos\actualizarProductoUnitTest.php" line="119" class="Tests\UnitTest\Productos\actualizarProductoUnitTest" classname="Tests.UnitTest.Productos.actualizarProductoUnitTest" assertions="4" time="0.025743"/>
      </testsuite>
      <testsuite name="Tests\UnitTest\Productos\actualizarProductoUnitTest::testUpdateProducto_IdInexistente_RetornaStatusFalse" tests="1" assertions="3" errors="0" failures="0" skipped="0" time="0.024803">
        <testcase name="testUpdateProducto_IdInexistente_RetornaStatusFalse with data set &quot;id_grande&quot;" file="C:\xampp\htdocs\project\tests\unitTest\Productos\actualizarProductoUnitTest.php" line="136" class="Tests\UnitTest\Productos\actualizarProductoUnitTest" classname="Tests.UnitTest.Productos.actualizarProductoUnitTest" assertions="3" time="0.024803"/>
      </testsuite>
      <testcase name="testUpdateProducto_ExcepcionEnBD_RetornaStatusFalse" file="C:\xampp\htdocs\project\tests\unitTest\Productos\actualizarProductoUnitTest.php" line="155" class="Tests\UnitTest\Productos\actualizarProductoUnitTest" classname="Tests.UnitTest.Productos.actualizarProductoUnitTest" assertions="3" time="0.027874"/>
      <testcase name="testUpdateProducto_NombreVacio_VerificacionPasaInsertFalla" file="C:\xampp\htdocs\project\tests\unitTest\Productos\actualizarProductoUnitTest.php" line="178" class="Tests\UnitTest\Productos\actualizarProductoUnitTest" classname="Tests.UnitTest.Productos.actualizarProductoUnitTest" assertions="3" time="0.026730"/>
    </testsuite>
    <testsuite name="Tests\UnitTest\Productos\consultarProductoUnitTest" file="C:\xampp\htdocs\project\tests\unitTest\Productos\consultarProductoUnitTest.php" tests="12" assertions="49" errors="0" failures="0" skipped="0" time="0.319973">
      <testcase name="testSelectAllProductos_ConDatos_RetornaEstructuraCorrecta" file="C:\xampp\htdocs\project\tests\unitTest\Productos\consultarProductoUnitTest.php" line="101" class="Tests\UnitTest\Productos\consultarProductoUnitTest" classname="Tests.UnitTest.Productos.consultarProductoUnitTest" assertions="6" time="0.027988"/>
      <testcase name="testSelectAllProductos_SinDatos_RetornaArrayVacio" file="C:\xampp\htdocs\project\tests\unitTest\Productos\consultarProductoUnitTest.php" line="123" class="Tests\UnitTest\Productos\consultarProductoUnitTest" classname="Tests.UnitTest.Productos.consultarProductoUnitTest" assertions="4" time="0.029058"/>
      <testcase name="testSelectAllProductos_ExcepcionEnBD_RetornaStatusFalse" file="C:\xampp\htdocs\project\tests\unitTest\Productos\consultarProductoUnitTest.php" line="138" class="Tests\UnitTest\Productos\consultarProductoUnitTest" classname="Tests.UnitTest.Productos.consultarProductoUnitTest" assertions="5" time="0.027496"/>
      <testsuite name="Tests\UnitTest\Productos\consultarProductoUnitTest::testSelectProductoById_Existente_RetornaProducto" tests="2" assertions="12" errors="0" failures="0" skipped="0" time="0.052177">
        <testcase name="testSelectProductoById_Existente_RetornaProducto with data set &quot;producto_usd&quot;" file="C:\xampp\htdocs\project\tests\unitTest\Productos\consultarProductoUnitTest.php" line="158" class="Tests\UnitTest\Productos\consultarProductoUnitTest" classname="Tests.UnitTest.Productos.consultarProductoUnitTest" assertions="6" time="0.025946"/>
        <testcase name="testSelectProductoById_Existente_RetornaProducto with data set &quot;producto_bs&quot;" file="C:\xampp\htdocs\project\tests\unitTest\Productos\consultarProductoUnitTest.php" line="158" class="Tests\UnitTest\Productos\consultarProductoUnitTest" classname="Tests.UnitTest.Productos.consultarProductoUnitTest" assertions="6" time="0.026231"/>
      </testsuite>
      <testsuite name="Tests\UnitTest\Productos\consultarProductoUnitTest::testSelectProductoById_Inexistente_RetornaFalse" tests="3" assertions="3" errors="0" failures="0" skipped="0" time="0.073918">
        <testcase name="testSelectProductoById_Inexistente_RetornaFalse with data set &quot;id_grande&quot;" file="C:\xampp\htdocs\project\tests\unitTest\Productos\consultarProductoUnitTest.php" line="176" class="Tests\UnitTest\Productos\consultarProductoUnitTest" classname="Tests.UnitTest.Productos.consultarProductoUnitTest" assertions="1" time="0.024725"/>
        <testcase name="testSelectProductoById_Inexistente_RetornaFalse with data set &quot;id_cero&quot;" file="C:\xampp\htdocs\project\tests\unitTest\Productos\consultarProductoUnitTest.php" line="176" class="Tests\UnitTest\Productos\consultarProductoUnitTest" classname="Tests.UnitTest.Productos.consultarProductoUnitTest" assertions="1" time="0.024723"/>
        <testcase name="testSelectProductoById_Inexistente_RetornaFalse with data set &quot;id_muy_grande&quot;" file="C:\xampp\htdocs\project\tests\unitTest\Productos\consultarProductoUnitTest.php" line="176" class="Tests\UnitTest\Productos\consultarProductoUnitTest" classname="Tests.UnitTest.Productos.consultarProductoUnitTest" assertions="1" time="0.024470"/>
      </testsuite>
      <testcase name="testSelectProductosActivos_RetornaSoloActivos" file="C:\xampp\htdocs\project\tests\unitTest\Productos\consultarProductoUnitTest.php" line="192" class="Tests\UnitTest\Productos\consultarProductoUnitTest" classname="Tests.UnitTest.Productos.consultarProductoUnitTest" assertions="5" time="0.027341"/>
      <testcase name="testSelectProductosActivos_ExcepcionEnBD_RetornaStatusFalse" file="C:\xampp\htdocs\project\tests\unitTest\Productos\consultarProductoUnitTest.php" line="215" class="Tests\UnitTest\Productos\consultarProductoUnitTest" classname="Tests.UnitTest.Productos.consultarProductoUnitTest" assertions="3" time="0.027383"/>
      <testcase name="testSelectCategoriasActivas_RetornaEstructuraCorrecta" file="C:\xampp\htdocs\project\tests\unitTest\Productos\consultarProductoUnitTest.php" line="232" class="Tests\UnitTest\Productos\consultarProductoUnitTest" classname="Tests.UnitTest.Productos.consultarProductoUnitTest" assertions="7" time="0.027707"/>
      <testcase name="testSelectCategoriasActivas_ExcepcionEnBD_RetornaStatusFalse" file="C:\xampp\htdocs\project\tests\unitTest\Productos\consultarProductoUnitTest.php" line="257" class="Tests\UnitTest\Productos\consultarProductoUnitTest" classname="Tests.UnitTest.Productos.consultarProductoUnitTest" assertions="4" time="0.026905"/>
    </testsuite>
    <testsuite name="Tests\UnitTest\Productos\eliminarProductoUnitTest" file="C:\xampp\htdocs\project\tests\unitTest\Productos\eliminarProductoUnitTest.php" tests="6" assertions="8" errors="0" failures="0" skipped="0" time="6.393266">
      <testsuite name="Tests\UnitTest\Productos\eliminarProductoUnitTest::testDeleteProducto_Existente_RetornaTrue" tests="2" assertions="2" errors="0" failures="0" skipped="0" time="4.210408">
        <testcase name="testDeleteProducto_Existente_RetornaTrue with data set &quot;id_1&quot;" file="C:\xampp\htdocs\project\tests\unitTest\Productos\eliminarProductoUnitTest.php" line="78" class="Tests\UnitTest\Productos\eliminarProductoUnitTest" classname="Tests.UnitTest.Productos.eliminarProductoUnitTest" assertions="1" time="2.109543"/>
        <testcase name="testDeleteProducto_Existente_RetornaTrue with data set &quot;id_50&quot;" file="C:\xampp\htdocs\project\tests\unitTest\Productos\eliminarProductoUnitTest.php" line="78" class="Tests\UnitTest\Productos\eliminarProductoUnitTest" classname="Tests.UnitTest.Productos.eliminarProductoUnitTest" assertions="1" time="2.100865"/>
      </testsuite>
      <testsuite name="Tests\UnitTest\Productos\eliminarProductoUnitTest::testDeleteProducto_Inexistente_RetornaFalse" tests="2" assertions="2" errors="0" failures="0" skipped="0" time="0.048194">
        <testcase name="testDeleteProducto_Inexistente_RetornaFalse with data set &quot;id_muy_grande&quot;" file="C:\xampp\htdocs\project\tests\unitTest\Productos\eliminarProductoUnitTest.php" line="96" class="Tests\UnitTest\Productos\eliminarProductoUnitTest" classname="Tests.UnitTest.Productos.eliminarProductoUnitTest" assertions="1" time="0.024768"/>
        <testcase name="testDeleteProducto_Inexistente_RetornaFalse with data set &quot;id_inexistente&quot;" file="C:\xampp\htdocs\project\tests\unitTest\Productos\eliminarProductoUnitTest.php" line="96" class="Tests\UnitTest\Productos\eliminarProductoUnitTest" classname="Tests.UnitTest.Productos.eliminarProductoUnitTest" assertions="1" time="0.023425"/>
      </testsuite>
      <testcase name="testDeleteProducto_ExcepcionEnBD_RetornaFalse" file="C:\xampp\htdocs\project\tests\unitTest\Productos\eliminarProductoUnitTest.php" line="113" class="Tests\UnitTest\Productos\eliminarProductoUnitTest" classname="Tests.UnitTest.Productos.eliminarProductoUnitTest" assertions="1" time="0.026512"/>
      <testcase name="testDeleteProducto_SoftDelete_NoEliminaFisicamente" file="C:\xampp\htdocs\project\tests\unitTest\Productos\eliminarProductoUnitTest.php" line="124" class="Tests\UnitTest\Productos\eliminarProductoUnitTest" classname="Tests.UnitTest.Productos.eliminarProductoUnitTest" assertions="3" time="2.108153"/>
    </testsuite>
    <testsuite name="Tests\UnitTest\Productos\insertarProductoUnitTest" file="C:\xampp\htdocs\project\tests\unitTest\Productos\insertarProductoUnitTest.php" tests="5" assertions="25" errors="0" failures="0" skipped="0" time="4.299970">
      <testsuite name="Tests\UnitTest\Productos\insertarProductoUnitTest::testInsertProducto_Exitoso_RetornaStatusTrueConId" tests="2" assertions="14" errors="0" failures="0" skipped="0" time="4.215551">
        <testcase name="testInsertProducto_Exitoso_RetornaStatusTrueConId with data set &quot;producto_kg&quot;" file="C:\xampp\htdocs\project\tests\unitTest\Productos\insertarProductoUnitTest.php" line="100" class="Tests\UnitTest\Productos\insertarProductoUnitTest" classname="Tests.UnitTest.Productos.insertarProductoUnitTest" assertions="7" time="2.098937"/>
        <testcase name="testInsertProducto_Exitoso_RetornaStatusTrueConId with data set &quot;producto_lt&quot;" file="C:\xampp\htdocs\project\tests\unitTest\Productos\insertarProductoUnitTest.php" line="100" class="Tests\UnitTest\Productos\insertarProductoUnitTest" classname="Tests.UnitTest.Productos.insertarProductoUnitTest" assertions="7" time="2.116614"/>
      </testsuite>
      <testsuite name="Tests\UnitTest\Productos\insertarProductoUnitTest::testInsertProducto_NombreDuplicado_RetornaStatusFalse" tests="1" assertions="5" errors="0" failures="0" skipped="0" time="0.029715">
        <testcase name="testInsertProducto_NombreDuplicado_RetornaStatusFalse with data set &quot;nombre_repetido&quot;" file="C:\xampp\htdocs\project\tests\unitTest\Productos\insertarProductoUnitTest.php" line="123" class="Tests\UnitTest\Productos\insertarProductoUnitTest" classname="Tests.UnitTest.Productos.insertarProductoUnitTest" assertions="5" time="0.029715"/>
      </testsuite>
      <testcase name="testInsertProducto_LastInsertIdCero_RetornaError" file="C:\xampp\htdocs\project\tests\unitTest\Productos\insertarProductoUnitTest.php" line="140" class="Tests\UnitTest\Productos\insertarProductoUnitTest" classname="Tests.UnitTest.Productos.insertarProductoUnitTest" assertions="3" time="0.027144"/>
      <testcase name="testInsertProducto_ExcepcionEnBD_RetornaStatusFalse" file="C:\xampp\htdocs\project\tests\unitTest\Productos\insertarProductoUnitTest.php" line="167" class="Tests\UnitTest\Productos\insertarProductoUnitTest" classname="Tests.UnitTest.Productos.insertarProductoUnitTest" assertions="3" time="0.027561"/>
    </testsuite>
  </testsuite>
</testsuites>
